<?xml version="1.0" encoding="UTF-8"?>
<testsuite xmlns:xsi="http://www.w3.org/2001/XMLSchema-instance" xsi:noNamespaceSchemaLocation="https://maven.apache.org/surefire/maven-surefire-plugin/xsd/surefire-test-report-3.0.xsd" version="3.0" name="com.openclassrooms.tourguide.TourguideApplicationTests" time="6.237" tests="1" errors="0" skipped="0" failures="0">
  <properties>
[...]
</properties>
  <testcase name="contextLoads" classname="com.openclassrooms.tourguide.TourguideApplicationTests" time="1.394">
    <system-out><![CDATA[12:06:36.129 [main] INFO org.springframework.test.context.support.AnnotationConfigContextLoaderUtils -- Could not detect default configuration classes for test class [com.openclassrooms.tourguide.TourguideApplicationTests]: TourguideApplicationTests does not declare any static, non-private, non-final, nested classes annotated with @Configuration.
12:06:36.393 [main] INFO org.springframework.boot.test.context.SpringBootTestContextBootstrapper -- Found @SpringBootConfiguration com.openclassrooms.tourguide.TourguideApplication for test class com.openclassrooms.tourguide.TourguideApplicationTests

  .   ____          _            __ _ _
 /\\ / ___'_ __ _ _(_)_ __  __ _ \ \ \ \
( ( )\___ | '_ | '_| | '_ \/ _` | \ \ \ \
 \\/  ___)| |_)| | | | | || (_| |  ) ) ) )
  '  |____| .__|_| |_|_| |_\__, | / / / /
 =========|_|==============|___/=/_/_/_/
 :: Spring Boot ::                (v3.1.1)

2024-08-05T12:06:37.078+02:00  INFO 11421 --- [           main] c.o.tourguide.TourguideApplicationTests  : Starting TourguideApplicationTests using Java 21.0.2 with PID 11421 (started by yenx in /home/yenx/Documents/projett/JavaPathENProject8/TourGuide)
2024-08-05T12:06:37.079+02:00 DEBUG 11421 --- [           main] c.o.tourguide.TourguideApplicationTests  : Running with Spring Boot v3.1.1, Spring v6.0.10
2024-08-05T12:06:37.079+02:00  INFO 11421 --- [           main] c.o.tourguide.TourguideApplicationTests  : No active profile set, falling back to 1 default profile: "default"
2024-08-05T12:06:38.685+02:00  INFO 11421 --- [           main] c.o.tourguide.service.TourGuideService   : TestMode enabled
2024-08-05T12:06:38.685+02:00 DEBUG 11421 --- [           main] c.o.tourguide.service.TourGuideService   : Initializing users
2024-08-05T12:06:38.723+02:00 DEBUG 11421 --- [           main] c.o.tourguide.service.TourGuideService   : Created 100 internal test users.
2024-08-05T12:06:38.723+02:00 DEBUG 11421 --- [           main] c.o.tourguide.service.TourGuideService   : Finished initializing users
2024-08-05T12:06:38.743+02:00 DEBUG 11421 --- [pool-3-thread-1] c.o.tourguide.tracker.Tracker            : Begin Tracker. Tracking 100 users.
2024-08-05T12:06:40.193+02:00  INFO 11421 --- [           main] o.s.b.a.e.web.EndpointLinksResolver      : Exposing 1 endpoint(s) beneath base path '/actuator'
2024-08-05T12:06:40.285+02:00  INFO 11421 --- [           main] c.o.tourguide.TourguideApplicationTests  : Started TourguideApplicationTests in 3.694 seconds (process running for 5.451)
]]></system-out>
    <system-err><![CDATA[WARNING: A Java agent has been loaded dynamically (/home/yenx/.m2/repository/net/bytebuddy/byte-buddy-agent/1.14.5/byte-buddy-agent-1.14.5.jar)
WARNING: If a serviceability tool is in use, please run with -XX:+EnableDynamicAgentLoading to hide this warning
WARNING: If a serviceability tool is not in use, please run with -Djdk.instrument.traceUsage for more information
WARNING: Dynamic loading of agents will be disallowed by default in a future release
]]></system-err>
  </testcase>
</testsuite>