<?xml version="1.0" encoding="UTF-8"?>
<testsuite xmlns:xsi="http://www.w3.org/2001/XMLSchema-instance" xsi:noNamespaceSchemaLocation="https://maven.apache.org/surefire/maven-surefire-plugin/xsd/surefire-test-report-3.0.xsd" version="3.0" name="com.openclassrooms.tourguide.TestRewardsService" time="0.632" tests="3" errors="0" skipped="1" failures="0">
  <properties>
[...]
</properties>
  <testcase name="nearAllAttractions" classname="com.openclassrooms.tourguide.TestRewardsService" time="0">
    <skipped message="public void com.openclassrooms.tourguide.TestRewardsService.nearAllAttractions() is @Disabled"/>
  </testcase>
  <testcase name="userGetRewards" classname="com.openclassrooms.tourguide.TestRewardsService" time="0.617">
    <system-out><![CDATA[2024-08-05T12:06:42.344+02:00  INFO 11421 --- [           main] c.o.tourguide.service.TourGuideService   : TestMode enabled
2024-08-05T12:06:42.344+02:00 DEBUG 11421 --- [           main] c.o.tourguide.service.TourGuideService   : Initializing users
2024-08-05T12:06:42.363+02:00 DEBUG 11421 --- [           main] c.o.tourguide.service.TourGuideService   : Created 0 internal test users.
2024-08-05T12:06:42.364+02:00 DEBUG 11421 --- [           main] c.o.tourguide.service.TourGuideService   : Finished initializing users
2024-08-05T12:06:42.381+02:00 DEBUG 11421 --- [pool-8-thread-1] c.o.tourguide.tracker.Tracker            : Begin Tracker. Tracking 0 users.
2024-08-05T12:06:42.381+02:00 DEBUG 11421 --- [pool-8-thread-1] c.o.tourguide.tracker.Tracker            : Tracker Time Elapsed: 0 seconds.
2024-08-05T12:06:42.381+02:00 DEBUG 11421 --- [pool-8-thread-1] c.o.tourguide.tracker.Tracker            : Tracker sleeping
]]></system-out>
  </testcase>
  <testcase name="isWithinAttractionProximity" classname="com.openclassrooms.tourguide.TestRewardsService" time="0.011"/>
</testsuite>